2025-11-05 20:03:55,949 - SongMetadataFixer - INFO - SongMetadataFixer initialized
2025-11-05 20:04:06,656 - SongMetadataFixer - INFO - SongMetadataFixer initialized
2025-11-05 20:04:06,657 - SongMetadataFixer - INFO - Checking cover art in: /home/amir/Documents/Meta/music
2025-11-05 20:08:05,267 - SongMetadataFixer - INFO - SongMetadataFixer initialized
2025-11-05 20:08:23,667 - SongMetadataFixer - INFO - SongMetadataFixer initialized
2025-11-05 20:08:23,667 - SongMetadataFixer - INFO - Checking cover art in: /home/amir/Documents/Meta/music
2025-11-05 20:08:42,023 - SongMetadataFixer - INFO - SongMetadataFixer initialized
2025-11-05 20:08:42,023 - SongMetadataFixer - INFO - Fixing: audio.m4a
2025-11-05 20:08:42,025 - SongMetadataFixer - INFO - Updated MP4 tags: audio.m4a
2025-11-05 20:08:52,512 - SongMetadataFixer - INFO - SongMetadataFixer initialized
2025-11-05 20:26:18,093 - SongMetadataFixer - INFO - SongMetadataFixer initialized
2025-11-05 20:26:18,180 - __main__ - INFO - Application started. Select a music folder to begin.
2025-11-05 21:27:06,390 - SongMetadataFixer - INFO - SongMetadataFixer initialized
2025-11-05 21:27:06,844 - __main__ - INFO - Application started. Select a music folder to begin.
2025-11-05 21:28:18,635 - SongMetadataFixer - INFO - SongMetadataFixer initialized
2025-11-05 21:28:18,713 - __main__ - INFO - Application started. Select a music folder to begin.
2025-11-05 21:28:26,030 - __main__ - INFO - Found 11 audio files in folder.
2025-11-05 21:28:26,030 - __main__ - INFO - Loaded folder: /home/amir/Documents/Meta/music
2025-11-05 21:28:35,591 - __main__ - INFO - Validating metadata for all files...
2025-11-05 21:28:35,660 - __main__ - INFO - ✗ 01 - OsamaSon - popstar.mp3: 'SongMetadataFixer' object has no attribute 'view_metadata'
2025-11-05 21:28:35,660 - __main__ - INFO - ✗ 01. Tekir - uyudun mu_.m4a: 'SongMetadataFixer' object has no attribute 'view_metadata'
2025-11-05 21:28:35,660 - __main__ - INFO - ✗ 10 - Young Thug - Danny Glover.mp3: 'SongMetadataFixer' object has no attribute 'view_metadata'
2025-11-05 21:28:35,660 - __main__ - INFO - ✗ 1_1 - I Love It - Kanye West Lil Pump (320).mp3: 'SongMetadataFixer' object has no attribute 'view_metadata'
2025-11-05 21:28:35,660 - __main__ - INFO - ✗ A.A. Williams - Nights In White Satin.mp3: 'SongMetadataFixer' object has no attribute 'view_metadata'
2025-11-05 21:28:35,660 - __main__ - INFO - ✗ Aptune - Mage Mishe (1).mp3: 'SongMetadataFixer' object has no attribute 'view_metadata'
2025-11-05 21:28:35,660 - __main__ - INFO - ✗ CASHIN_AHT_Prod. [2190261591].mp3: 'SongMetadataFixer' object has no attribute 'view_metadata'
2025-11-05 21:28:35,660 - __main__ - INFO - ✗ Future-Colossal.mp3: 'SongMetadataFixer' object has no attribute 'view_metadata'
2025-11-05 21:28:35,660 - __main__ - INFO - ✗ Nobody.m4a: 'SongMetadataFixer' object has no attribute 'view_metadata'
2025-11-05 21:28:35,660 - __main__ - INFO - ✗ Radiohead_-_Backdrifts_Live.mp3: 'SongMetadataFixer' object has no attribute 'view_metadata'
2025-11-05 21:28:35,661 - __main__ - INFO - ✗ audio.m4a: 'SongMetadataFixer' object has no attribute 'view_metadata'
2025-11-05 21:28:35,661 - __main__ - INFO - Validation complete: 0/11 files validated, 0 issues found.
2025-11-05 21:28:47,552 - __main__ - INFO - Fixing whitespace in metadata...
2025-11-05 21:28:47,585 - __main__ - INFO - ✗ 01 - OsamaSon - popstar.mp3: 'SongMetadataFixer' object has no attribute 'fix_metadata'
2025-11-05 21:28:47,586 - __main__ - INFO - ✗ 01. Tekir - uyudun mu_.m4a: 'SongMetadataFixer' object has no attribute 'fix_metadata'
2025-11-05 21:28:47,586 - __main__ - INFO - ✗ 10 - Young Thug - Danny Glover.mp3: 'SongMetadataFixer' object has no attribute 'fix_metadata'
2025-11-05 21:28:47,586 - __main__ - INFO - ✗ 1_1 - I Love It - Kanye West Lil Pump (320).mp3: 'SongMetadataFixer' object has no attribute 'fix_metadata'
2025-11-05 21:28:47,586 - __main__ - INFO - ✗ A.A. Williams - Nights In White Satin.mp3: 'SongMetadataFixer' object has no attribute 'fix_metadata'
2025-11-05 21:28:47,586 - __main__ - INFO - ✗ Aptune - Mage Mishe (1).mp3: 'SongMetadataFixer' object has no attribute 'fix_metadata'
2025-11-05 21:28:47,586 - __main__ - INFO - ✗ CASHIN_AHT_Prod. [2190261591].mp3: 'SongMetadataFixer' object has no attribute 'fix_metadata'
2025-11-05 21:28:47,586 - __main__ - INFO - ✗ Future-Colossal.mp3: 'SongMetadataFixer' object has no attribute 'fix_metadata'
2025-11-05 21:28:47,586 - __main__ - INFO - ✗ Nobody.m4a: 'SongMetadataFixer' object has no attribute 'fix_metadata'
2025-11-05 21:28:47,586 - __main__ - INFO - ✗ Radiohead_-_Backdrifts_Live.mp3: 'SongMetadataFixer' object has no attribute 'fix_metadata'
2025-11-05 21:28:47,586 - __main__ - INFO - ✗ audio.m4a: 'SongMetadataFixer' object has no attribute 'fix_metadata'
2025-11-05 21:28:47,586 - __main__ - INFO - Whitespace fix complete: 0/11 files updated.
2025-11-05 21:29:00,905 - __main__ - INFO - Getting AI suggestions...
2025-11-05 21:29:00,922 - __main__ - INFO - Analyzing: A.A. Williams - Nights In White Satin.mp3
2025-11-05 21:29:15,580 - SongMetadataFixer - ERROR - Error writing metadata to A.A. Williams - Nights In White Satin.mp3: "'moods' is not a valid key"
2025-11-05 21:29:15,676 - __main__ - INFO - ✗ Failed to apply suggestions: Unknown error
2025-11-05 21:29:22,164 - __main__ - INFO - Getting AI suggestions...
2025-11-05 21:29:22,166 - SongMetadataFixer - WARNING - File appears corrupted: Future-Colossal.mp3
2025-11-05 21:29:22,192 - __main__ - INFO - Could not read metadata: Future-Colossal.mp3
2025-11-05 21:29:27,474 - __main__ - INFO - Getting AI suggestions...
2025-11-05 21:29:27,503 - __main__ - INFO - Analyzing: Radiohead_-_Backdrifts_Live.mp3
2025-11-05 21:29:43,565 - SongMetadataFixer - ERROR - Error writing metadata to Radiohead_-_Backdrifts_Live.mp3: "'version_info' is not a valid key"
2025-11-05 21:29:43,593 - __main__ - INFO - ✗ Failed to apply suggestions: Unknown error
2025-11-05 21:31:13,089 - __main__ - INFO - Getting AI suggestions...
2025-11-05 21:31:13,112 - __main__ - INFO - Analyzing: Aptune - Mage Mishe (1).mp3
2025-11-05 21:31:25,525 - SongMetadataFixer - ERROR - Error writing metadata to Aptune - Mage Mishe (1).mp3: "'moods' is not a valid key"
2025-11-05 21:31:25,601 - __main__ - INFO - ✗ Failed to apply suggestions: Unknown error
2025-11-05 21:32:14,763 - SongMetadataFixer - INFO - SongMetadataFixer initialized
2025-11-05 21:32:14,818 - __main__ - INFO - Application started. Select a music folder to begin.
2025-11-05 21:32:20,670 - __main__ - INFO - Found 11 audio files in folder.
2025-11-05 21:32:20,671 - __main__ - INFO - Loaded folder: /home/amir/Documents/Meta/music
2025-11-05 21:32:24,040 - __main__ - INFO - Getting AI suggestions...
2025-11-05 21:32:24,138 - __main__ - INFO - Analyzing: Radiohead_-_Backdrifts_Live.mp3
2025-11-05 21:32:30,852 - SongMetadataFixer - INFO - Updated ID3 tags: Radiohead_-_Backdrifts_Live.mp3
2025-11-05 21:32:30,883 - __main__ - INFO - ✓ Applied AI suggestions to: Radiohead_-_Backdrifts_Live.mp3
2025-11-05 21:37:10,885 - SongMetadataFixer - INFO - SongMetadataFixer initialized
2025-11-05 21:37:10,911 - SongMetadataFixer - INFO - Embedded cover art: 01. Tekir - uyudun mu_.m4a
2025-11-05 21:37:24,397 - SongMetadataFixer - INFO - SongMetadataFixer initialized
2025-11-05 21:37:24,414 - SongMetadataFixer - INFO - Embedded cover art: 1_1 - I Love It - Kanye West Lil Pump (320).mp3
2025-11-05 21:37:24,424 - SongMetadataFixer - INFO - Embedded cover art: 01 - OsamaSon - popstar.mp3
2025-11-05 21:37:24,426 - SongMetadataFixer - INFO - Embedded cover art: 01. Tekir - uyudun mu_.m4a
2025-11-05 21:38:45,081 - SongMetadataFixer - INFO - SongMetadataFixer initialized
2025-11-05 21:38:45,096 - SongMetadataFixer - INFO - ✓ Embedded cover art: 01 - OsamaSon - popstar.mp3
2025-11-05 21:38:45,100 - SongMetadataFixer - INFO - ✓ Embedded cover art: 01. Tekir - uyudun mu_.m4a
2025-11-05 21:56:38,950 - SongMetadataFixer - INFO - SongMetadataFixer initialized
2025-11-05 21:56:54,641 - SongMetadataFixer - INFO - SongMetadataFixer initialized
2025-11-05 21:57:01,649 - SongMetadataFixer - INFO - ✓ Selected best cover for Radiohead - Backdrifts (Live) via consensus clustering (similarity: 100.0%)
2025-11-05 21:57:01,650 - SongMetadataFixer - WARNING - Cover art issues: Cover not square (ratio 1.37:1)
2025-11-05 21:57:27,161 - SongMetadataFixer - INFO - SongMetadataFixer initialized
2025-11-05 21:57:33,644 - SongMetadataFixer - INFO - ✓ Selected best cover for Radiohead - Backdrifts (Live) via consensus clustering (similarity: 100.0%)
2025-11-05 21:57:33,658 - SongMetadataFixer - INFO - ✓ Embedded cover art: Radiohead_-_Backdrifts_Live.mp3
2025-11-05 22:00:21,644 - SongMetadataFixer - INFO - SongMetadataFixer initialized
2025-11-08 10:38:50,425 - SongMetadataFixer - INFO - SongMetadataFixer initialized
2025-11-08 10:46:30,751 - SongMetadataFixer - INFO - SongMetadataFixer initialized
2025-11-08 10:46:30,754 - SongMetadataFixer - INFO - Attempting to identify: Radiohead_-_Backdrifts_Live.mp3
2025-11-08 10:46:30,991 - SongMetadataFixer - WARNING - Could not identify: Radiohead_-_Backdrifts_Live.mp3
2025-11-08 10:46:30,993 - SongMetadataFixer - INFO - Attempting to identify: Radiohead_-_Backdrifts_Live.mp3
2025-11-08 10:46:31,059 - SongMetadataFixer - WARNING - Could not identify: Radiohead_-_Backdrifts_Live.mp3
2025-11-08 10:46:55,600 - SongMetadataFixer - INFO - ✓ Selected best cover for Radiohead - Backdrifts (Live) via consensus clustering (similarity: 100.0%)
2025-11-08 10:46:55,610 - SongMetadataFixer - INFO - ✓ Embedded cover art: Radiohead_-_Backdrifts_Live.mp3
2025-11-08 10:47:21,660 - SongMetadataFixer - INFO - SongMetadataFixer initialized
2025-11-08 10:47:21,669 - SongMetadataFixer - INFO - Attempting to identify: Radiohead_-_Backdrifts_Live.mp3
2025-11-08 10:47:28,586 - SongMetadataFixer - WARNING - Could not identify: Radiohead_-_Backdrifts_Live.mp3
2025-11-08 10:47:28,587 - SongMetadataFixer - INFO - Attempting to identify: Radiohead_-_Backdrifts_Live.mp3
2025-11-08 10:47:28,821 - SongMetadataFixer - WARNING - Could not identify: Radiohead_-_Backdrifts_Live.mp3
2025-11-08 10:47:38,385 - SongMetadataFixer - INFO - ✓ Selected best cover for Radiohead - Backdrifts (Live) via consensus clustering (similarity: 100.0%)
2025-11-08 10:47:38,395 - SongMetadataFixer - INFO - ✓ Embedded cover art: Radiohead_-_Backdrifts_Live.mp3
2025-11-08 10:53:27,155 - SongMetadataFixer - INFO - SongMetadataFixer initialized
2025-11-08 10:53:27,155 - SongMetadataFixer - INFO - Attempting to identify: Radiohead_-_Backdrifts_Live.mp3
2025-11-08 10:53:38,854 - SongMetadataFixer - WARNING - Could not identify: Radiohead_-_Backdrifts_Live.mp3
2025-11-08 10:57:36,171 - SongMetadataFixer - INFO - SongMetadataFixer initialized
2025-11-08 10:57:36,289 - SongMetadataFixer - INFO - Attempting to identify: Radiohead_-_Backdrifts_Live.mp3
2025-11-08 10:57:38,003 - SongMetadataFixer - WARNING - Could not identify: Radiohead_-_Backdrifts_Live.mp3
2025-11-08 10:57:38,005 - SongMetadataFixer - INFO - Attempting to identify: Radiohead_-_Backdrifts_Live.mp3
2025-11-08 10:57:38,228 - SongMetadataFixer - WARNING - Could not identify: Radiohead_-_Backdrifts_Live.mp3
2025-11-08 10:57:53,553 - SongMetadataFixer - INFO - ✓ Selected best cover for Radiohead - Backdrifts (Live) via consensus clustering (similarity: 100.0%)
2025-11-08 10:59:28,287 - SongMetadataFixer - INFO - SongMetadataFixer initialized
2025-11-08 10:59:28,387 - SongMetadataFixer - INFO - Attempting to identify: Radiohead_-_Backdrifts_Live.mp3
2025-11-08 10:59:29,600 - SongMetadataFixer - WARNING - Could not identify: Radiohead_-_Backdrifts_Live.mp3
2025-11-08 10:59:29,601 - SongMetadataFixer - INFO - Attempting to identify: Radiohead_-_Backdrifts_Live.mp3
2025-11-08 10:59:29,842 - SongMetadataFixer - WARNING - Could not identify: Radiohead_-_Backdrifts_Live.mp3
2025-11-08 10:59:35,787 - SongMetadataFixer - ERROR - Error writing metadata to Radiohead_-_Backdrifts_Live.mp3: "'version_info' is not a valid key"
2025-11-08 10:59:37,044 - SongMetadataFixer - WARNING - No cover art found for Radiohead - Backdrifts (Live)
2025-11-08 10:59:37,045 - SongMetadataFixer - INFO - Attempting to identify: 01 - OsamaSon - popstar.mp3
2025-11-08 10:59:37,285 - SongMetadataFixer - WARNING - Could not identify: 01 - OsamaSon - popstar.mp3
2025-11-08 10:59:37,287 - SongMetadataFixer - INFO - All metadata complete for: 01 - OsamaSon - popstar.mp3
2025-11-08 10:59:41,312 - SongMetadataFixer - ERROR - Error writing metadata to 01 - OsamaSon - popstar.mp3: "'moods' is not a valid key"
2025-11-08 11:00:20,836 - SongMetadataFixer - INFO - ✓ Selected best cover for OsamaSon - popstar via consensus clustering (similarity: 100.0%)
2025-11-08 11:00:20,842 - SongMetadataFixer - INFO - ✓ Embedded cover art: 01 - OsamaSon - popstar.mp3
2025-11-08 11:00:20,842 - SongMetadataFixer - INFO - Attempting to identify: 01. Tekir - uyudun mu_.m4a
2025-11-08 11:00:21,006 - SongMetadataFixer - WARNING - Could not identify: 01. Tekir - uyudun mu_.m4a
2025-11-08 11:00:21,006 - SongMetadataFixer - INFO - All metadata complete for: 01. Tekir - uyudun mu_.m4a
2025-11-08 11:00:27,922 - SongMetadataFixer - INFO - Updated MP4 tags: 01. Tekir - uyudun mu_.m4a
2025-11-08 11:00:40,180 - SongMetadataFixer - INFO - ✓ Selected best cover for Tekir - uyudun mu? via consensus clustering (similarity: 100.0%)
2025-11-08 11:00:40,190 - SongMetadataFixer - INFO - ✓ Embedded cover art: 01. Tekir - uyudun mu_.m4a
2025-11-08 11:02:03,478 - SongMetadataFixer - INFO - SongMetadataFixer initialized
2025-11-08 11:02:03,576 - SongMetadataFixer - INFO - Attempting to identify: Radiohead_-_Backdrifts_Live.mp3
2025-11-08 11:02:09,815 - SongMetadataFixer - WARNING - Could not identify: Radiohead_-_Backdrifts_Live.mp3
2025-11-08 11:02:09,816 - SongMetadataFixer - INFO - Attempting to identify: Radiohead_-_Backdrifts_Live.mp3
2025-11-08 11:02:10,027 - SongMetadataFixer - WARNING - Could not identify: Radiohead_-_Backdrifts_Live.mp3
2025-11-08 11:02:31,231 - SongMetadataFixer - INFO - ✓ Selected best cover for Radiohead - Backdrifts (Live) via consensus clustering (similarity: 100.0%)
2025-11-08 11:02:31,231 - SongMetadataFixer - INFO - Attempting to identify: 01 - OsamaSon - popstar.mp3
2025-11-08 11:02:31,433 - SongMetadataFixer - WARNING - Could not identify: 01 - OsamaSon - popstar.mp3
2025-11-08 11:02:31,435 - SongMetadataFixer - INFO - All metadata complete for: 01 - OsamaSon - popstar.mp3
2025-11-08 11:02:55,850 - SongMetadataFixer - INFO - ✓ Selected best cover for OsamaSon - popstar via consensus clustering (similarity: 100.0%)
2025-11-08 11:02:55,850 - SongMetadataFixer - INFO - Attempting to identify: 01. Tekir - uyudun mu_.m4a
2025-11-08 11:02:56,013 - SongMetadataFixer - WARNING - Could not identify: 01. Tekir - uyudun mu_.m4a
2025-11-08 11:02:56,013 - SongMetadataFixer - INFO - All metadata complete for: 01. Tekir - uyudun mu_.m4a
2025-11-08 11:03:08,146 - SongMetadataFixer - INFO - ✓ Selected best cover for Tekir - uyudun mu? via consensus clustering (similarity: 100.0%)
2025-11-08 11:05:54,051 - SongMetadataFixer - INFO - SongMetadataFixer initialized
2025-11-08 11:05:54,061 - SongMetadataFixer - INFO - Attempting to identify: Radiohead_-_Backdrifts_Live.mp3
2025-11-08 11:05:55,261 - SongMetadataFixer - WARNING - Could not identify: Radiohead_-_Backdrifts_Live.mp3
2025-11-08 11:06:09,487 - SongMetadataFixer - INFO - ✓ Selected best cover for Radiohead - Backdrifts (Live) via consensus clustering (similarity: 100.0%)
2025-11-08 11:06:09,495 - SongMetadataFixer - INFO - ✓ Embedded cover art: Radiohead_-_Backdrifts_Live.mp3
